2022.07.27 13:51:01 INFO  tracing is disabled for protocol LSP, to enable tracing of incoming and outgoing JSON messages create an empty file at c:\Users\Nipunika\Documents\Scala\tut3\.metals\lsp.trace.json or C:\Users\Nipunika\AppData\Local\scalameta\metals\cache\lsp.trace.json
2022.07.27 13:51:10 INFO  logging to file C:\Users\Nipunika\Documents\Scala\tut3\.metals\metals.log
2022.07.27 13:51:10 INFO  Started: Metals version 0.11.7 in workspace 'C:\Users\Nipunika\Documents\Scala\tut3' for client Visual Studio Code 1.69.1.
2022.07.27 13:51:17 INFO  time: initialize in 7.24s
2022.07.27 13:51:23 WARN  Flyway upgrade recommended: H2 2.1.214 is newer than this version of Flyway and support has not been tested. The latest supported version of H2 is 2.1.210.
2022.07.27 13:51:25 WARN  Build server is not auto-connectable.
2022.07.27 13:51:25 WARN  no build tool detected in workspace 'C:\Users\Nipunika\Documents\Scala\tut3'. The most common cause for this problem is that the editor was opened in the wrong working directory, for example if you use sbt then the workspace directory should contain build.sbt. 
2022.07.27 13:51:27 WARN  no build target for: C:\Users\Nipunika\Documents\Scala\tut3\Q5.scala
2022.07.27 13:51:29 WARN  no build target for: C:\Users\Nipunika\Documents\Scala\tut3\Q5.scala
Jul 27, 2022 1:51:30 PM org.eclipse.lsp4j.jsonrpc.RemoteEndpoint fallbackResponseError
SEVERE: Internal error: scala.meta.internal.metals.debug.BuildTargetNotFoundForPathException: No build target could be found for the path: C:\Users\Nipunika\Documents\Scala\tut3\Q5.scala
java.util.concurrent.CompletionException: scala.meta.internal.metals.debug.BuildTargetNotFoundForPathException: No build target could be found for the path: C:\Users\Nipunika\Documents\Scala\tut3\Q5.scala
	at java.util.concurrent.CompletableFuture.encodeThrowable(CompletableFuture.java:292)
	at java.util.concurrent.CompletableFuture.completeThrowable(CompletableFuture.java:308)
	at java.util.concurrent.CompletableFuture.uniAccept(CompletableFuture.java:661)
	at java.util.concurrent.CompletableFuture$UniAccept.tryFire(CompletableFuture.java:646)
	at java.util.concurrent.CompletableFuture.uniAcceptStage(CompletableFuture.java:686)
	at java.util.concurrent.CompletableFuture.thenAcceptAsync(CompletableFuture.java:2014)
	at scala.concurrent.java8.FuturesConvertersImpl$CF.thenAccept(FutureConvertersImpl.scala:37)
	at org.eclipse.lsp4j.jsonrpc.RemoteEndpoint.handleRequest(RemoteEndpoint.java:279)
	at org.eclipse.lsp4j.jsonrpc.RemoteEndpoint.consume(RemoteEndpoint.java:190)
	at org.eclipse.lsp4j.jsonrpc.json.StreamMessageProducer.handleMessage(StreamMessageProducer.java:194)
	at org.eclipse.lsp4j.jsonrpc.json.StreamMessageProducer.listen(StreamMessageProducer.java:94)
	at org.eclipse.lsp4j.jsonrpc.json.ConcurrentMessageProcessor.run(ConcurrentMessageProcessor.java:113)
	at java.util.concurrent.Executors$RunnableAdapter.call(Executors.java:511)
	at java.util.concurrent.FutureTask.run(FutureTask.java:266)
	at java.util.concurrent.ThreadPoolExecutor.runWorker(ThreadPoolExecutor.java:1149)
	at java.util.concurrent.ThreadPoolExecutor$Worker.run(ThreadPoolExecutor.java:624)
	at java.lang.Thread.run(Thread.java:748)
Caused by: scala.meta.internal.metals.debug.BuildTargetNotFoundForPathException: No build target could be found for the path: C:\Users\Nipunika\Documents\Scala\tut3\Q5.scala
	at scala.meta.internal.metals.debug.DebugProvider.debugDiscovery(DebugProvider.scala:398)
	at scala.meta.internal.metals.MetalsLanguageServer.executeCommand(MetalsLanguageServer.scala:1882)
	at sun.reflect.NativeMethodAccessorImpl.invoke0(Native Method)
	at sun.reflect.NativeMethodAccessorImpl.invoke(NativeMethodAccessorImpl.java:62)
	at sun.reflect.DelegatingMethodAccessorImpl.invoke(DelegatingMethodAccessorImpl.java:43)
	at java.lang.reflect.Method.invoke(Method.java:498)
	at org.eclipse.lsp4j.jsonrpc.services.GenericEndpoint.lambda$null$0(GenericEndpoint.java:65)
	at org.eclipse.lsp4j.jsonrpc.services.GenericEndpoint.request(GenericEndpoint.java:120)
	at org.eclipse.lsp4j.jsonrpc.RemoteEndpoint.handleRequest(RemoteEndpoint.java:261)
	... 9 more

2022.07.27 13:51:37 INFO  no build target found for C:\Users\Nipunika\Documents\Scala\tut3\Q5.scala. Using presentation compiler with project's scala-library version: 3.1.3
2022.07.27 13:52:09 INFO  time: code lens generation in 39s
2022.07.27 13:53:03 WARN  no build target for: C:\Users\Nipunika\Documents\Scala\tut3\Q4.scala
Jul 27, 2022 1:53:04 PM org.eclipse.lsp4j.jsonrpc.RemoteEndpoint handleCancellation
WARNING: Unmatched cancel notification for request id 6
2022.07.27 15:31:03 WARN  no build target for: C:\Users\Nipunika\Documents\Scala\tut3\Q4.scala
2022.07.27 15:52:01 WARN  no build target for: C:\Users\Nipunika\Documents\Scala\tut3\Q1.scala
2022.07.27 15:55:45 WARN  no build target for: C:\Users\Nipunika\Documents\Scala\tut3\Q2.scala
2022.07.27 15:56:02 WARN  no build target for: C:\Users\Nipunika\Documents\Scala\tut3\Q1.scala
2022.07.27 15:57:12 WARN  no build target for: C:\Users\Nipunika\Documents\Scala\tut3\Q1.scala
2022.07.27 16:00:10 WARN  no build target for: C:\Users\Nipunika\Documents\Scala\tut3\Q1.scala
2022.07.27 16:00:27 WARN  no build target for: C:\Users\Nipunika\Documents\Scala\tut3\Q1.scala
2022.07.27 16:00:30 WARN  no build target for: C:\Users\Nipunika\Documents\Scala\tut3\Q2.scala
2022.07.27 16:00:34 WARN  no build target for: C:\Users\Nipunika\Documents\Scala\tut3\Q3.scala
2022.07.27 16:00:36 WARN  no build target for: C:\Users\Nipunika\Documents\Scala\tut3\Q4.scala
2022.07.27 16:06:40 WARN  no build target for: C:\Users\Nipunika\Documents\Scala\tut3\Q4.scala
2022.07.27 16:39:15 WARN  no build target for: C:\Users\Nipunika\Documents\Scala\tut3\Q4.scala
2022.07.27 16:47:56 WARN  no build target for: C:\Users\Nipunika\Documents\Scala\tut3\Q4.scala
2022.07.27 16:48:55 WARN  no build target for: C:\Users\Nipunika\Documents\Scala\tut3\Q4.scala
2022.07.27 16:51:01 WARN  no build target for: C:\Users\Nipunika\Documents\Scala\tut3\Q4.scala
2022.07.27 17:12:04 WARN  no build target for: C:\Users\Nipunika\Documents\Scala\tut3\Q2.scala
2022.07.27 17:16:17 WARN  no build target for: C:\Users\Nipunika\Documents\Scala\tut3\Q3.scala
2022.07.27 17:49:56 WARN  no build target for: C:\Users\Nipunika\Documents\Scala\tut3\Q4.scala
2022.07.27 17:50:28 WARN  no build target for: C:\Users\Nipunika\Documents\Scala\tut3\Q3.scala
Jul 27, 2022 5:50:28 PM org.eclipse.lsp4j.jsonrpc.RemoteEndpoint handleCancellation
WARNING: Unmatched cancel notification for request id 544
2022.07.27 17:50:33 WARN  no build target for: C:\Users\Nipunika\Documents\Scala\tut3\Q4.scala
2022.07.27 19:25:15 WARN  no build target for: C:\Users\Nipunika\Documents\Scala\tut3\Q5.scala
Jul 27, 2022 7:25:20 PM org.eclipse.lsp4j.jsonrpc.RemoteEndpoint handleCancellation
WARNING: Unmatched cancel notification for request id 603
Jul 27, 2022 7:25:21 PM org.eclipse.lsp4j.jsonrpc.RemoteEndpoint handleCancellation
WARNING: Unmatched cancel notification for request id 604
2022.07.27 19:25:23 WARN  no build target for: C:\Users\Nipunika\Documents\Scala\tut3\Q4.scala
Jul 27, 2022 7:27:01 PM org.eclipse.lsp4j.jsonrpc.RemoteEndpoint handleCancellation
WARNING: Unmatched cancel notification for request id 684
Jul 27, 2022 7:27:07 PM org.eclipse.lsp4j.jsonrpc.RemoteEndpoint handleCancellation
WARNING: Unmatched cancel notification for request id 697
Jul 27, 2022 7:27:24 PM org.eclipse.lsp4j.jsonrpc.RemoteEndpoint handleCancellation
WARNING: Unmatched cancel notification for request id 718
Jul 27, 2022 7:31:32 PM org.eclipse.lsp4j.jsonrpc.RemoteEndpoint handleCancellation
WARNING: Unmatched cancel notification for request id 786
Jul 27, 2022 7:31:43 PM org.eclipse.lsp4j.jsonrpc.RemoteEndpoint handleCancellation
WARNING: Unmatched cancel notification for request id 801
Jul 27, 2022 7:32:56 PM org.eclipse.lsp4j.jsonrpc.RemoteEndpoint handleCancellation
WARNING: Unmatched cancel notification for request id 823
Jul 27, 2022 7:34:31 PM org.eclipse.lsp4j.jsonrpc.RemoteEndpoint handleCancellation
WARNING: Unmatched cancel notification for request id 928
Jul 27, 2022 7:35:21 PM org.eclipse.lsp4j.jsonrpc.RemoteEndpoint handleCancellation
WARNING: Unmatched cancel notification for request id 1001
2022.07.27 19:35:50 WARN  no build target for: C:\Users\Nipunika\Documents\Scala\tut3\Q4.scala
